2021-11-11 10:28:23,699 INFO  [restartedMain] com.ibcs.report.ReportApplication : Starting ReportApplication using Java 11.0.10 on ibcsoutsource01 with PID 6376 (D:\Projects\JavaProject\IBCS-TNL\report\target\classes started by Intern in D:\Projects\JavaProject\IBCS-TNL)
2021-11-11 10:28:23,701 INFO  [restartedMain] com.ibcs.report.ReportApplication : No active profile set, falling back to default profiles: default
2021-11-11 10:28:23,822 INFO  [restartedMain] org.springframework.boot.devtools.env.DevToolsPropertyDefaultsPostProcessor : Devtools property defaults active! Set 'spring.devtools.add-properties' to 'false' to disable
2021-11-11 10:28:23,823 INFO  [restartedMain] org.springframework.boot.devtools.env.DevToolsPropertyDefaultsPostProcessor : For additional web related logging consider setting the 'logging.level.web' property to 'DEBUG'
2021-11-11 10:28:26,103 INFO  [restartedMain] org.springframework.data.repository.config.RepositoryConfigurationDelegate : Bootstrapping Spring Data JPA repositories in DEFAULT mode.
2021-11-11 10:28:26,145 INFO  [restartedMain] org.springframework.data.repository.config.RepositoryConfigurationDelegate : Finished Spring Data repository scanning in 6 ms. Found 0 JPA repository interfaces.
2021-11-11 10:28:28,250 INFO  [restartedMain] org.springframework.boot.web.embedded.tomcat.TomcatWebServer : Tomcat initialized with port(s): 9094 (http)
2021-11-11 10:28:28,632 INFO  [restartedMain] org.apache.catalina.core.StandardService : Starting service [Tomcat]
2021-11-11 10:28:28,632 INFO  [restartedMain] org.apache.catalina.core.StandardEngine : Starting Servlet engine: [Apache Tomcat/9.0.54]
2021-11-11 10:28:29,010 INFO  [restartedMain] org.apache.catalina.core.ContainerBase.[Tomcat].[localhost].[/report] : Initializing Spring embedded WebApplicationContext
2021-11-11 10:28:29,010 INFO  [restartedMain] org.springframework.boot.web.servlet.context.ServletWebServerApplicationContext : Root WebApplicationContext: initialization completed in 5178 ms
2021-11-11 10:28:29,558 INFO  [restartedMain] org.hibernate.jpa.internal.util.LogHelper : HHH000204: Processing PersistenceUnitInfo [name: default]
2021-11-11 10:28:29,655 INFO  [restartedMain] org.hibernate.Version : HHH000412: Hibernate ORM core version 5.4.32.Final
2021-11-11 10:28:29,849 INFO  [restartedMain] org.hibernate.annotations.common.Version : HCANN000001: Hibernate Commons Annotations {5.1.2.Final}
2021-11-11 10:28:29,957 INFO  [restartedMain] com.zaxxer.hikari.HikariDataSource : HikariPool-1 - Starting...
2021-11-11 10:28:30,890 INFO  [restartedMain] com.zaxxer.hikari.HikariDataSource : HikariPool-1 - Start completed.
2021-11-11 10:28:31,005 INFO  [restartedMain] org.hibernate.dialect.Dialect : HHH000400: Using dialect: org.hibernate.dialect.PostgreSQL95Dialect
2021-11-11 10:28:31,489 INFO  [restartedMain] org.hibernate.engine.transaction.jta.platform.internal.JtaPlatformInitiator : HHH000490: Using JtaPlatform implementation: [org.hibernate.engine.transaction.jta.platform.internal.NoJtaPlatform]
2021-11-11 10:28:31,501 INFO  [restartedMain] org.springframework.orm.jpa.LocalContainerEntityManagerFactoryBean : Initialized JPA EntityManagerFactory for persistence unit 'default'
2021-11-11 10:28:31,617 WARN  [restartedMain] org.springframework.boot.autoconfigure.orm.jpa.JpaBaseConfiguration$JpaWebConfiguration : spring.jpa.open-in-view is enabled by default. Therefore, database queries may be performed during view rendering. Explicitly configure spring.jpa.open-in-view to disable this warning
2021-11-11 10:28:32,151 WARN  [restartedMain] org.springframework.boot.devtools.autoconfigure.OptionalLiveReloadServer : Unable to start LiveReload server
2021-11-11 10:28:32,294 INFO  [restartedMain] org.springframework.boot.web.embedded.tomcat.TomcatWebServer : Tomcat started on port(s): 9094 (http) with context path '/report'
2021-11-11 10:28:32,328 INFO  [restartedMain] com.ibcs.report.ReportApplication : Started ReportApplication in 10.095 seconds (JVM running for 23.436)
2021-11-11 10:29:43,066 INFO  [http-nio-9094-exec-1] org.apache.catalina.core.ContainerBase.[Tomcat].[localhost].[/report] : Initializing Spring DispatcherServlet 'dispatcherServlet'
